-------------------------------------------------------------------------------
Test set: org.bpmnwithactiviti.chapter14.HelloWorldEsperTest
-------------------------------------------------------------------------------
Tests run: 1, Failures: 0, Errors: 1, Skipped: 0, Time elapsed: 0.05 sec <<< FAILURE!
helloEsper(org.bpmnwithactiviti.chapter14.HelloWorldEsperTest)  Time elapsed: 0.049 sec  <<< ERROR!
com.espertech.esper.client.EPStatementException: Failed to resolve event type: Event type or class named 'HelloWorldEvent' was not found [select value as eventValue from HelloWorldEvent]
	at com.espertech.esper.core.StatementLifecycleSvcImpl.compile(StatementLifecycleSvcImpl.java:1001)
	at com.espertech.esper.core.StatementLifecycleSvcImpl.createStopped(StatementLifecycleSvcImpl.java:211)
	at com.espertech.esper.core.StatementLifecycleSvcImpl.createAndStart(StatementLifecycleSvcImpl.java:161)
	at com.espertech.esper.core.StatementLifecycleSvcImpl.createAndStart(StatementLifecycleSvcImpl.java:117)
	at com.espertech.esper.core.EPAdministratorImpl.createEPLStmt(EPAdministratorImpl.java:97)
	at com.espertech.esper.core.EPAdministratorImpl.createEPL(EPAdministratorImpl.java:55)
	at org.bpmnwithactiviti.chapter14.HelloWorldEsperTest.helloEsper(HelloWorldEsperTest.java:34)
	at sun.reflect.NativeMethodAccessorImpl.invoke0(Native Method)
	at sun.reflect.NativeMethodAccessorImpl.invoke(NativeMethodAccessorImpl.java:62)
	at sun.reflect.DelegatingMethodAccessorImpl.invoke(DelegatingMethodAccessorImpl.java:43)
	at java.lang.reflect.Method.invoke(Method.java:483)
	at org.junit.runners.model.FrameworkMethod$1.runReflectiveCall(FrameworkMethod.java:44)
	at org.junit.internal.runners.model.ReflectiveCallable.run(ReflectiveCallable.java:15)
	at org.junit.runners.model.FrameworkMethod.invokeExplosively(FrameworkMethod.java:41)
	at org.junit.internal.runners.statements.InvokeMethod.evaluate(InvokeMethod.java:20)
	at org.junit.runners.BlockJUnit4ClassRunner.runChild(BlockJUnit4ClassRunner.java:76)
	at org.junit.runners.BlockJUnit4ClassRunner.runChild(BlockJUnit4ClassRunner.java:50)
	at org.junit.runners.ParentRunner$3.run(ParentRunner.java:193)
	at org.junit.runners.ParentRunner$1.schedule(ParentRunner.java:52)
	at org.junit.runners.ParentRunner.runChildren(ParentRunner.java:191)
	at org.junit.runners.ParentRunner.access$000(ParentRunner.java:42)
	at org.junit.runners.ParentRunner$2.evaluate(ParentRunner.java:184)
	at org.junit.runners.ParentRunner.run(ParentRunner.java:236)
	at org.apache.maven.surefire.junit4.JUnit4TestSet.execute(JUnit4TestSet.java:53)
	at org.apache.maven.surefire.junit4.JUnit4Provider.executeTestSet(JUnit4Provider.java:123)
	at org.apache.maven.surefire.junit4.JUnit4Provider.invoke(JUnit4Provider.java:104)
	at sun.reflect.NativeMethodAccessorImpl.invoke0(Native Method)
	at sun.reflect.NativeMethodAccessorImpl.invoke(NativeMethodAccessorImpl.java:62)
	at sun.reflect.DelegatingMethodAccessorImpl.invoke(DelegatingMethodAccessorImpl.java:43)
	at java.lang.reflect.Method.invoke(Method.java:483)
	at org.apache.maven.surefire.util.ReflectionUtils.invokeMethodWithArray(ReflectionUtils.java:164)
	at org.apache.maven.surefire.booter.ProviderFactory$ProviderProxy.invoke(ProviderFactory.java:110)
	at org.apache.maven.surefire.booter.SurefireStarter.invokeProvider(SurefireStarter.java:175)
	at org.apache.maven.surefire.booter.SurefireStarter.runSuitesInProcessWhenForked(SurefireStarter.java:107)
	at org.apache.maven.surefire.booter.ForkedBooter.main(ForkedBooter.java:68)
